[debug] [2017-08-01T18:28:32.390Z] ----------------------------------------------------------------------
[debug] [2017-08-01T18:28:32.390Z] Command:      node C:\Users\Adarsh\AppData\Roaming\npm\node_modules\firebase-tools\bin\firebase deploy
[debug] [2017-08-01T18:28:32.390Z] CLI Version:  3.9.1
[debug] [2017-08-01T18:28:32.390Z] Platform:     win32
[debug] [2017-08-01T18:28:32.390Z] Node Version: v0.12.2
[debug] [2017-08-01T18:28:32.390Z] Time:         Tue Aug 01 2017 23:58:32 GMT+0530 (India Standard Time)
[debug] [2017-08-01T18:28:32.390Z] ----------------------------------------------------------------------
[debug] 
[debug] [2017-08-01T18:28:32.444Z] > command requires scopes: ["email","openid","https://www.googleapis.com/auth/cloudplatformprojects.readonly","https://www.googleapis.com/auth/firebase","https://www.googleapis.com/auth/cloud-platform"]
[debug] [2017-08-01T18:28:32.444Z] > authorizing via signed-in user
[debug] [2017-08-01T18:28:32.444Z] >>> HTTP REQUEST GET https://admin.firebase.com/v1/projects/independence-e3183  
 Tue Aug 01 2017 23:58:32 GMT+0530 (India Standard Time)
[debug] [2017-08-01T18:28:35.293Z] <<< HTTP RESPONSE 200
[debug] [2017-08-01T18:28:35.293Z] >>> HTTP REQUEST GET https://admin.firebase.com/v1/database/independence-e3183/tokens  
 Tue Aug 01 2017 23:58:35 GMT+0530 (India Standard Time)
[debug] [2017-08-01T18:28:38.362Z] <<< HTTP RESPONSE 200
[info] 
[info] === Deploying to 'independence-e3183'...
[info] 
[info] i  deploying hosting
[info] i  hosting: preparing dist directory for upload...
[debug] [2017-08-01T18:29:12.333Z] >>> HTTP REQUEST PUT https://deploy.firebase.com/v1/hosting/independence-e3183/uploads/-KqU2dGW1jysfnC7WK4o?fileCount=591&message=  
 Tue Aug 01 2017 23:59:12 GMT+0530 (India Standard Time)
